<?xml version="1.0" encoding="UTF-8"?>
<!-- Generated by org.testng.reporters.JUnitReportReporter -->
<testsuite hostname="My_Dell" failures="0" tests="4" name="testLayer.LoginTest" time="16.924" errors="0" timestamp="2023-11-12T17:19:58 EST" skipped="0">
  <testcase classname="testLayer.LoginTest" name="Title" time="2.370"/>
  <system-out/>
  <testcase classname="testLayer.LoginTest" name="Login" time="4.811"/>
  <system-out/>
  <testcase classname="testLayer.LoginTest" name="Login" time="4.794"/>
  <system-out/>
  <testcase classname="testLayer.LoginTest" name="Login" time="4.949"/>
  <system-out/>
</testsuite> <!-- testLayer.LoginTest -->
